INFO 2021-01-02 12:04:25,916 autoreload 597 Watching for file changes with StatReloader
INFO 2021-01-06 11:01:11,364 autoreload 597 Watching for file changes with StatReloader
INFO 2021-01-06 11:09:05,912 autoreload 597 Watching for file changes with StatReloader
INFO 2021-01-06 11:10:34,535 autoreload 597 Watching for file changes with StatReloader
INFO 2021-01-06 11:21:01,665 autoreload 597 Watching for file changes with StatReloader
INFO 2021-01-19 09:59:38,011 autoreload 597 Watching for file changes with StatReloader
INFO 2021-01-19 10:05:39,875 autoreload 597 Watching for file changes with StatReloader
WARNING 2021-01-19 10:07:58,952 log 222 Not Found: /
WARNING 2021-01-19 10:07:58,954 basehttp 154 "GET / HTTP/1.1" 404 2579
WARNING 2021-01-19 10:07:59,041 log 222 Not Found: /favicon.ico
WARNING 2021-01-19 10:07:59,042 basehttp 154 "GET /favicon.ico HTTP/1.1" 404 2630
INFO 2021-01-19 10:11:35,475 autoreload 597 Watching for file changes with StatReloader
WARNING 2021-01-19 10:11:38,890 log 222 Not Found: /
WARNING 2021-01-19 10:11:38,891 basehttp 154 "GET / HTTP/1.1" 404 2579
INFO 2021-01-19 10:13:59,092 autoreload 597 Watching for file changes with StatReloader
INFO 2021-01-19 10:20:37,417 autoreload 597 Watching for file changes with StatReloader
WARNING 2021-01-19 10:21:13,555 log 222 Not Found: /
WARNING 2021-01-19 10:21:13,556 basehttp 154 "GET / HTTP/1.1" 404 2579
WARNING 2021-01-19 10:21:13,759 log 222 Not Found: /favicon.ico
WARNING 2021-01-19 10:21:13,762 basehttp 154 "GET /favicon.ico HTTP/1.1" 404 2630
INFO 2021-01-19 10:33:17,102 autoreload 597 Watching for file changes with StatReloader
WARNING 2021-01-19 10:33:23,495 log 222 Not Found: /
WARNING 2021-01-19 10:33:23,502 basehttp 154 "GET / HTTP/1.1" 404 2579
WARNING 2021-01-19 10:33:23,796 log 222 Not Found: /favicon.ico
WARNING 2021-01-19 10:33:23,798 basehttp 154 "GET /favicon.ico HTTP/1.1" 404 2630
INFO 2021-01-19 10:37:18,718 autoreload 597 Watching for file changes with StatReloader
INFO 2021-01-19 10:39:16,103 autoreload 597 Watching for file changes with StatReloader
INFO 2021-01-19 10:39:26,493 basehttp 154 "GET /api/v1.0/session HTTP/1.1" 200 47
WARNING 2021-01-19 10:39:26,627 log 222 Not Found: /api/v1.0/houses/index
WARNING 2021-01-19 10:39:26,630 log 222 Not Found: /api/v1.0/areas
WARNING 2021-01-19 10:39:26,631 basehttp 154 "GET /api/v1.0/houses/index HTTP/1.1" 404 2665
WARNING 2021-01-19 10:39:26,633 basehttp 154 "GET /api/v1.0/areas HTTP/1.1" 404 2644
INFO 2021-01-19 10:39:30,990 basehttp 154 "GET /api/v1.0/imagecode?cur=435253df-9945-4658-9e16-c8252a5008bd&pre= HTTP/1.1" 301 0
ERROR 2021-01-19 10:39:33,704 log 222 Internal Server Error: /api/v1.0/imagecode/
Traceback (most recent call last):
  File "F:\biShe\venv\lib\site-packages\redis\connection.py", line 559, in connect
    sock = self._connect()
  File "F:\biShe\venv\lib\site-packages\redis\connection.py", line 615, in _connect
    raise err
  File "F:\biShe\venv\lib\site-packages\redis\connection.py", line 603, in _connect
    sock.connect(socket_address)
ConnectionRefusedError: [WinError 10061] 由于目标计算机积极拒绝，无法连接。

During handling of the above exception, another exception occurred:

Traceback (most recent call last):
  File "F:\biShe\venv\lib\site-packages\django\core\handlers\exception.py", line 34, in inner
    response = get_response(request)
  File "F:\biShe\venv\lib\site-packages\django\core\handlers\base.py", line 115, in _get_response
    response = self.process_exception_by_middleware(e, request)
  File "F:\biShe\venv\lib\site-packages\django\core\handlers\base.py", line 113, in _get_response
    response = wrapped_callback(request, *callback_args, **callback_kwargs)
  File "F:\biShe\venv\lib\site-packages\django\views\generic\base.py", line 71, in view
    return self.dispatch(request, *args, **kwargs)
  File "F:\biShe\venv\lib\site-packages\django\views\generic\base.py", line 97, in dispatch
    return handler(request, *args, **kwargs)
  File "F:\biShe\zuFang\zuFang\apps\users\views.py", line 37, in get
    redis_conn.setex('img_%s' % cur, 300, text)
  File "F:\biShe\venv\lib\site-packages\redis\client.py", line 1822, in setex
    return self.execute_command('SETEX', name, time, value)
  File "F:\biShe\venv\lib\site-packages\redis\client.py", line 898, in execute_command
    conn = self.connection or pool.get_connection(command_name, **options)
  File "F:\biShe\venv\lib\site-packages\redis\connection.py", line 1192, in get_connection
    connection.connect()
  File "F:\biShe\venv\lib\site-packages\redis\connection.py", line 563, in connect
    raise ConnectionError(self._error_message(e))
redis.exceptions.ConnectionError: Error 10061 connecting to 127.0.0.1:6379. 由于目标计算机积极拒绝，无法连接。.
ERROR 2021-01-19 10:39:33,714 basehttp 154 "GET /api/v1.0/imagecode/?cur=435253df-9945-4658-9e16-c8252a5008bd&pre= HTTP/1.1" 500 115625
INFO 2021-01-19 10:39:36,243 basehttp 154 "GET /api/v1.0/imagecode?cur=ee7b99d8-d267-41b8-b496-bb296c35532d&pre=435253df-9945-4658-9e16-c8252a5008bd HTTP/1.1" 301 0
ERROR 2021-01-19 10:39:38,333 log 222 Internal Server Error: /api/v1.0/imagecode/
Traceback (most recent call last):
  File "F:\biShe\venv\lib\site-packages\redis\connection.py", line 559, in connect
    sock = self._connect()
  File "F:\biShe\venv\lib\site-packages\redis\connection.py", line 615, in _connect
    raise err
  File "F:\biShe\venv\lib\site-packages\redis\connection.py", line 603, in _connect
    sock.connect(socket_address)
ConnectionRefusedError: [WinError 10061] 由于目标计算机积极拒绝，无法连接。

During handling of the above exception, another exception occurred:

Traceback (most recent call last):
  File "F:\biShe\venv\lib\site-packages\django\core\handlers\exception.py", line 34, in inner
    response = get_response(request)
  File "F:\biShe\venv\lib\site-packages\django\core\handlers\base.py", line 115, in _get_response
    response = self.process_exception_by_middleware(e, request)
  File "F:\biShe\venv\lib\site-packages\django\core\handlers\base.py", line 113, in _get_response
    response = wrapped_callback(request, *callback_args, **callback_kwargs)
  File "F:\biShe\venv\lib\site-packages\django\views\generic\base.py", line 71, in view
    return self.dispatch(request, *args, **kwargs)
  File "F:\biShe\venv\lib\site-packages\django\views\generic\base.py", line 97, in dispatch
    return handler(request, *args, **kwargs)
  File "F:\biShe\zuFang\zuFang\apps\users\views.py", line 33, in get
    redis_conn.delete('img_%s' % pre)
  File "F:\biShe\venv\lib\site-packages\redis\client.py", line 1567, in delete
    return self.execute_command('DEL', *names)
  File "F:\biShe\venv\lib\site-packages\redis\client.py", line 898, in execute_command
    conn = self.connection or pool.get_connection(command_name, **options)
  File "F:\biShe\venv\lib\site-packages\redis\connection.py", line 1192, in get_connection
    connection.connect()
  File "F:\biShe\venv\lib\site-packages\redis\connection.py", line 563, in connect
    raise ConnectionError(self._error_message(e))
redis.exceptions.ConnectionError: Error 10061 connecting to 127.0.0.1:6379. 由于目标计算机积极拒绝，无法连接。.
ERROR 2021-01-19 10:39:38,349 basehttp 154 "GET /api/v1.0/imagecode/?cur=ee7b99d8-d267-41b8-b496-bb296c35532d&pre=435253df-9945-4658-9e16-c8252a5008bd HTTP/1.1" 500 115645
INFO 2021-01-19 15:35:02,533 autoreload 597 Watching for file changes with StatReloader
INFO 2021-01-19 15:35:31,477 basehttp 154 "GET /api/v1.0/session HTTP/1.1" 200 47
WARNING 2021-01-19 15:35:31,592 log 222 Not Found: /api/v1.0/houses/index
WARNING 2021-01-19 15:35:31,593 log 222 Not Found: /api/v1.0/areas
WARNING 2021-01-19 15:35:31,594 basehttp 154 "GET /api/v1.0/houses/index HTTP/1.1" 404 2665
WARNING 2021-01-19 15:35:31,594 basehttp 154 "GET /api/v1.0/areas HTTP/1.1" 404 2644
INFO 2021-01-19 15:35:33,321 basehttp 154 "GET /api/v1.0/imagecode?cur=65352919-fc32-45bc-8183-20508d210230&pre= HTTP/1.1" 301 0
INFO 2021-01-19 15:35:33,597 basehttp 154 "GET /api/v1.0/imagecode/?cur=65352919-fc32-45bc-8183-20508d210230&pre= HTTP/1.1" 200 3035
INFO 2021-01-19 15:35:51,768 basehttp 154 "OPTIONS /api/v1.0/sms/ HTTP/1.1" 200 0
INFO 2021-01-19 15:35:51,827 views 126 974230
INFO 2021-01-19 15:35:51,835 basehttp 154 "POST /api/v1.0/sms/ HTTP/1.1" 200 50
INFO 2021-01-19 15:36:19,822 basehttp 154 "OPTIONS /api/v1.0/users HTTP/1.1" 200 0
INFO 2021-01-19 15:36:20,510 basehttp 154 "POST /api/v1.0/users HTTP/1.1" 200 52
WARNING 2021-01-19 15:36:21,101 log 222 Not Found: /api/v1.0/houses/index
WARNING 2021-01-19 15:36:21,103 log 222 Not Found: /api/v1.0/areas
INFO 2021-01-19 15:36:21,103 basehttp 154 "GET /api/v1.0/session HTTP/1.1" 200 93
WARNING 2021-01-19 15:36:21,105 basehttp 154 "GET /api/v1.0/houses/index HTTP/1.1" 404 2665
WARNING 2021-01-19 15:36:21,105 basehttp 154 "GET /api/v1.0/areas HTTP/1.1" 404 2644
WARNING 2021-01-19 15:36:25,248 log 222 Not Found: /api/v1.0/user
WARNING 2021-01-19 15:36:25,249 basehttp 154 "GET /api/v1.0/user HTTP/1.1" 404 2641
WARNING 2021-01-19 15:36:28,914 log 222 Not Found: /api/v1.0/orders
WARNING 2021-01-19 15:36:28,920 basehttp 154 "GET /api/v1.0/orders?role=custom HTTP/1.1" 404 2659
WARNING 2021-01-19 15:36:31,040 log 222 Not Found: /api/v1.0/user
WARNING 2021-01-19 15:36:31,041 basehttp 154 "GET /api/v1.0/user HTTP/1.1" 404 2641
WARNING 2021-01-19 15:36:32,632 log 222 Not Found: /api/v1.0/user/auth
WARNING 2021-01-19 15:36:32,633 basehttp 154 "GET /api/v1.0/user/auth HTTP/1.1" 404 2656
WARNING 2021-01-19 15:36:35,352 log 222 Not Found: /api/v1.0/user
WARNING 2021-01-19 15:36:35,353 basehttp 154 "GET /api/v1.0/user HTTP/1.1" 404 2641
WARNING 2021-01-19 15:36:37,347 log 222 Not Found: /api/v1.0/user/auth
WARNING 2021-01-19 15:36:37,348 basehttp 154 "GET /api/v1.0/user/auth HTTP/1.1" 404 2656
WARNING 2021-01-19 15:36:39,351 log 222 Not Found: /api/v1.0/user
WARNING 2021-01-19 15:36:39,351 basehttp 154 "GET /api/v1.0/user HTTP/1.1" 404 2641
INFO 2021-01-19 15:36:41,190 basehttp 154 "OPTIONS /api/v1.0/session HTTP/1.1" 200 0
INFO 2021-01-19 15:36:41,205 basehttp 154 "DELETE /api/v1.0/session HTTP/1.1" 200 46
INFO 2021-01-19 15:36:41,276 basehttp 154 "GET /api/v1.0/session HTTP/1.1" 200 47
WARNING 2021-01-19 15:36:41,285 log 222 Not Found: /api/v1.0/houses/index
WARNING 2021-01-19 15:36:41,285 log 222 Not Found: /api/v1.0/areas
WARNING 2021-01-19 15:36:41,292 basehttp 154 "GET /api/v1.0/areas HTTP/1.1" 404 2644
WARNING 2021-01-19 15:36:41,292 basehttp 154 "GET /api/v1.0/houses/index HTTP/1.1" 404 2665
INFO 2021-01-19 15:36:56,614 basehttp 154 "POST /api/v1.0/session HTTP/1.1" 200 52
INFO 2021-01-19 15:36:56,701 basehttp 154 "GET /api/v1.0/session HTTP/1.1" 200 93
WARNING 2021-01-19 15:36:56,704 log 222 Not Found: /api/v1.0/houses/index
WARNING 2021-01-19 15:36:56,706 log 222 Not Found: /api/v1.0/areas
WARNING 2021-01-19 15:36:56,707 basehttp 154 "GET /api/v1.0/houses/index HTTP/1.1" 404 2665
WARNING 2021-01-19 15:36:56,708 basehttp 154 "GET /api/v1.0/areas HTTP/1.1" 404 2644
INFO 2021-01-21 18:27:29,455 autoreload 597 Watching for file changes with StatReloader
INFO 2021-01-21 18:27:57,103 autoreload 597 Watching for file changes with StatReloader
INFO 2021-01-21 18:28:09,223 autoreload 597 Watching for file changes with StatReloader
INFO 2021-01-21 18:28:33,161 autoreload 597 Watching for file changes with StatReloader
INFO 2021-01-21 18:51:01,025 autoreload 597 Watching for file changes with StatReloader
INFO 2021-01-21 18:55:35,797 autoreload 597 Watching for file changes with StatReloader
INFO 2021-01-21 19:01:48,797 autoreload 597 Watching for file changes with StatReloader
INFO 2021-01-21 19:02:23,251 basehttp 154 "GET /api/v1.0/session HTTP/1.1" 200 47
WARNING 2021-01-21 19:02:23,333 log 222 Not Found: /api/v1.0/houses/index
WARNING 2021-01-21 19:02:23,346 log 222 Not Found: /api/v1.0/areas
WARNING 2021-01-21 19:02:23,348 basehttp 154 "GET /api/v1.0/houses/index HTTP/1.1" 404 2996
WARNING 2021-01-21 19:02:23,350 basehttp 154 "GET /api/v1.0/areas HTTP/1.1" 404 2975
INFO 2021-01-21 19:02:26,293 basehttp 154 "GET /api/v1.0/imagecode?cur=644f6786-dd5e-4e13-bbc5-94211733a8cb&pre= HTTP/1.1" 301 0
INFO 2021-01-21 19:02:26,548 basehttp 154 "GET /api/v1.0/imagecode/?cur=644f6786-dd5e-4e13-bbc5-94211733a8cb&pre= HTTP/1.1" 200 2825
INFO 2021-01-21 19:03:22,706 basehttp 154 "OPTIONS /api/v1.0/session HTTP/1.1" 200 0
INFO 2021-01-21 19:03:23,006 basehttp 154 "POST /api/v1.0/session HTTP/1.1" 200 82
INFO 2021-01-21 19:03:30,168 basehttp 154 "POST /api/v1.0/session HTTP/1.1" 200 82
INFO 2021-01-21 19:03:43,016 basehttp 154 "POST /api/v1.0/session HTTP/1.1" 200 82
INFO 2021-01-21 19:03:54,330 basehttp 154 "POST /api/v1.0/session HTTP/1.1" 200 52
INFO 2021-01-21 19:03:54,468 basehttp 154 "GET /api/v1.0/session HTTP/1.1" 200 93
WARNING 2021-01-21 19:03:54,471 log 222 Not Found: /api/v1.0/houses/index
WARNING 2021-01-21 19:03:54,473 log 222 Not Found: /api/v1.0/areas
WARNING 2021-01-21 19:03:54,474 basehttp 154 "GET /api/v1.0/houses/index HTTP/1.1" 404 2996
WARNING 2021-01-21 19:03:54,477 basehttp 154 "GET /api/v1.0/areas HTTP/1.1" 404 2975
INFO 2021-01-21 19:04:02,658 basehttp 154 "GET /api/v1.0/user HTTP/1.1" 200 197
INFO 2021-01-21 19:04:07,382 basehttp 154 "GET /api/v1.0/user HTTP/1.1" 200 197
INFO 2021-01-21 19:04:19,634 basehttp 154 "GET /api/v1.0/user HTTP/1.1" 200 197
INFO 2021-01-21 19:04:22,210 basehttp 154 "GET /api/v1.0/user HTTP/1.1" 200 197
INFO 2021-01-21 19:04:47,738 basehttp 154 "POST /api/v1.0/user/avatar HTTP/1.1" 200 156
INFO 2021-01-21 19:04:51,749 basehttp 154 "POST /api/v1.0/user/avatar HTTP/1.1" 200 156
INFO 2021-01-21 19:04:54,081 basehttp 154 "POST /api/v1.0/user/avatar HTTP/1.1" 200 156
INFO 2021-01-21 19:04:55,956 basehttp 154 "POST /api/v1.0/user/avatar HTTP/1.1" 200 156
INFO 2021-01-21 19:04:57,625 basehttp 154 "POST /api/v1.0/user/avatar HTTP/1.1" 200 156
INFO 2021-01-21 19:05:00,268 basehttp 154 "GET /api/v1.0/user HTTP/1.1" 200 225
WARNING 2021-01-21 19:05:04,723 log 222 Not Found: /api/v1.0/orders
WARNING 2021-01-21 19:05:04,727 basehttp 154 "GET /api/v1.0/orders?role=custom HTTP/1.1" 404 2990
INFO 2021-01-21 19:05:06,679 basehttp 154 "GET /api/v1.0/user HTTP/1.1" 200 225
WARNING 2021-01-21 19:05:08,397 log 222 Not Found: /api/v1.0/user/auth
WARNING 2021-01-21 19:05:08,402 basehttp 154 "GET /api/v1.0/user/auth HTTP/1.1" 404 2987
INFO 2021-01-21 19:05:10,125 basehttp 154 "GET /api/v1.0/user HTTP/1.1" 200 225
WARNING 2021-01-21 19:05:11,995 log 222 Not Found: /api/v1.0/user/auth
WARNING 2021-01-21 19:05:11,996 basehttp 154 "GET /api/v1.0/user/auth HTTP/1.1" 404 2987
INFO 2021-01-21 19:05:13,771 basehttp 154 "GET /api/v1.0/user HTTP/1.1" 200 225
INFO 2021-01-21 19:05:15,150 basehttp 154 "DELETE /api/v1.0/session HTTP/1.1" 200 46
INFO 2021-01-21 19:05:15,260 basehttp 154 "GET /api/v1.0/session HTTP/1.1" 200 47
WARNING 2021-01-21 19:05:15,270 log 222 Not Found: /api/v1.0/houses/index
WARNING 2021-01-21 19:05:15,272 log 222 Not Found: /api/v1.0/areas
WARNING 2021-01-21 19:05:15,273 basehttp 154 "GET /api/v1.0/houses/index HTTP/1.1" 404 2996
WARNING 2021-01-21 19:05:15,274 basehttp 154 "GET /api/v1.0/areas HTTP/1.1" 404 2975
INFO 2021-01-21 19:07:06,617 autoreload 597 Watching for file changes with StatReloader
INFO 2021-01-21 19:07:18,596 basehttp 154 "GET /api/v1.0/session HTTP/1.1" 200 47
WARNING 2021-01-21 19:07:18,610 log 222 Not Found: /api/v1.0/houses/index
WARNING 2021-01-21 19:07:18,611 log 222 Not Found: /api/v1.0/areas
WARNING 2021-01-21 19:07:18,612 basehttp 154 "GET /api/v1.0/houses/index HTTP/1.1" 404 2996
WARNING 2021-01-21 19:07:18,613 basehttp 154 "GET /api/v1.0/areas HTTP/1.1" 404 2975
INFO 2021-01-21 19:07:24,294 basehttp 154 "OPTIONS /api/v1.0/session HTTP/1.1" 200 0
INFO 2021-01-21 19:07:24,723 basehttp 154 "POST /api/v1.0/session HTTP/1.1" 200 52
INFO 2021-01-21 19:07:24,812 basehttp 154 "GET /api/v1.0/session HTTP/1.1" 200 93
WARNING 2021-01-21 19:07:24,816 log 222 Not Found: /api/v1.0/houses/index
WARNING 2021-01-21 19:07:24,816 basehttp 154 "GET /api/v1.0/houses/index HTTP/1.1" 404 2996
WARNING 2021-01-21 19:07:24,819 log 222 Not Found: /api/v1.0/areas
WARNING 2021-01-21 19:07:24,820 basehttp 154 "GET /api/v1.0/areas HTTP/1.1" 404 2975
INFO 2021-01-21 19:07:27,716 basehttp 154 "GET /api/v1.0/user HTTP/1.1" 200 225
INFO 2021-01-21 19:07:29,728 basehttp 154 "GET /api/v1.0/user HTTP/1.1" 200 225
INFO 2021-01-21 19:07:35,829 basehttp 154 "OPTIONS /api/v1.0/user/name HTTP/1.1" 200 0
WARNING 2021-01-21 19:07:35,837 log 222 Not Found: /api/v1.0/user/name
WARNING 2021-01-21 19:07:35,840 basehttp 154 "PUT /api/v1.0/user/name HTTP/1.1" 404 2987
WARNING 2021-01-21 19:07:37,797 log 222 Not Found: /api/v1.0/user/name
WARNING 2021-01-21 19:07:37,798 basehttp 154 "PUT /api/v1.0/user/name HTTP/1.1" 404 2987
WARNING 2021-01-21 19:07:38,467 log 222 Not Found: /api/v1.0/user/name
WARNING 2021-01-21 19:07:38,469 basehttp 154 "PUT /api/v1.0/user/name HTTP/1.1" 404 2987
WARNING 2021-01-21 19:07:38,645 log 222 Not Found: /api/v1.0/user/name
WARNING 2021-01-21 19:07:38,648 basehttp 154 "PUT /api/v1.0/user/name HTTP/1.1" 404 2987
WARNING 2021-01-21 19:07:38,816 log 222 Not Found: /api/v1.0/user/name
WARNING 2021-01-21 19:07:38,818 basehttp 154 "PUT /api/v1.0/user/name HTTP/1.1" 404 2987
WARNING 2021-01-21 19:07:39,003 log 222 Not Found: /api/v1.0/user/name
WARNING 2021-01-21 19:07:39,006 basehttp 154 "PUT /api/v1.0/user/name HTTP/1.1" 404 2987
WARNING 2021-01-21 19:07:39,227 log 222 Not Found: /api/v1.0/user/name
WARNING 2021-01-21 19:07:39,229 basehttp 154 "PUT /api/v1.0/user/name HTTP/1.1" 404 2987
WARNING 2021-01-21 19:07:39,568 log 222 Not Found: /api/v1.0/user/name
WARNING 2021-01-21 19:07:39,570 basehttp 154 "PUT /api/v1.0/user/name HTTP/1.1" 404 2987
WARNING 2021-01-21 19:07:39,918 log 222 Not Found: /api/v1.0/user/name
WARNING 2021-01-21 19:07:39,922 basehttp 154 "PUT /api/v1.0/user/name HTTP/1.1" 404 2987
INFO 2021-01-21 19:07:42,038 basehttp 154 "GET /api/v1.0/user HTTP/1.1" 200 225
INFO 2021-01-21 19:07:44,024 basehttp 154 "GET /api/v1.0/user HTTP/1.1" 200 225
WARNING 2021-01-21 19:07:49,809 log 222 Not Found: /api/v1.0/user/name
WARNING 2021-01-21 19:07:49,811 basehttp 154 "PUT /api/v1.0/user/name HTTP/1.1" 404 2987
WARNING 2021-01-21 19:07:49,992 log 222 Not Found: /api/v1.0/user/name
WARNING 2021-01-21 19:07:49,993 basehttp 154 "PUT /api/v1.0/user/name HTTP/1.1" 404 2987
WARNING 2021-01-21 19:07:50,159 log 222 Not Found: /api/v1.0/user/name
WARNING 2021-01-21 19:07:50,166 basehttp 154 "PUT /api/v1.0/user/name HTTP/1.1" 404 2987
WARNING 2021-01-21 19:07:50,330 log 222 Not Found: /api/v1.0/user/name
WARNING 2021-01-21 19:07:50,337 basehttp 154 "PUT /api/v1.0/user/name HTTP/1.1" 404 2987
WARNING 2021-01-21 19:07:50,507 log 222 Not Found: /api/v1.0/user/name
WARNING 2021-01-21 19:07:50,510 basehttp 154 "PUT /api/v1.0/user/name HTTP/1.1" 404 2987
WARNING 2021-01-21 19:07:50,650 log 222 Not Found: /api/v1.0/user/name
WARNING 2021-01-21 19:07:50,655 basehttp 154 "PUT /api/v1.0/user/name HTTP/1.1" 404 2987
WARNING 2021-01-21 19:07:50,887 log 222 Not Found: /api/v1.0/user/name
WARNING 2021-01-21 19:07:50,890 basehttp 154 "PUT /api/v1.0/user/name HTTP/1.1" 404 2987
INFO 2021-01-21 19:07:58,111 basehttp 154 "POST /api/v1.0/user/avatar HTTP/1.1" 200 156
INFO 2021-01-21 19:08:00,399 basehttp 154 "POST /api/v1.0/user/avatar HTTP/1.1" 200 156
INFO 2021-01-21 19:08:02,617 basehttp 154 "POST /api/v1.0/user/avatar HTTP/1.1" 200 156
INFO 2021-01-21 19:08:04,646 basehttp 154 "POST /api/v1.0/user/avatar HTTP/1.1" 200 156
INFO 2021-01-22 10:54:40,450 autoreload 597 Watching for file changes with StatReloader
WARNING 2021-01-22 10:55:03,739 log 222 Not Found: /api/v1.0/areas
WARNING 2021-01-22 10:55:03,739 log 222 Not Found: /api/v1.0/houses/index
WARNING 2021-01-22 10:55:03,746 basehttp 154 "GET /api/v1.0/areas HTTP/1.1" 404 2975
WARNING 2021-01-22 10:55:03,747 basehttp 154 "GET /api/v1.0/houses/index HTTP/1.1" 404 2996
INFO 2021-01-22 10:55:03,815 basehttp 154 "GET /api/v1.0/session HTTP/1.1" 200 93
INFO 2021-01-22 10:55:08,958 basehttp 154 "GET /api/v1.0/user HTTP/1.1" 200 225
INFO 2021-01-22 10:55:11,143 basehttp 154 "GET /api/v1.0/user HTTP/1.1" 200 225
INFO 2021-01-22 10:55:21,281 basehttp 154 "POST /api/v1.0/user/avatar HTTP/1.1" 200 156
INFO 2021-01-22 10:55:24,564 basehttp 154 "POST /api/v1.0/user/avatar HTTP/1.1" 200 156
INFO 2021-01-22 10:55:26,331 basehttp 154 "POST /api/v1.0/user/avatar HTTP/1.1" 200 156
INFO 2021-01-22 10:55:30,794 basehttp 154 "POST /api/v1.0/user/avatar HTTP/1.1" 200 156
INFO 2021-01-22 10:55:32,510 basehttp 154 "POST /api/v1.0/user/avatar HTTP/1.1" 200 156
INFO 2021-01-22 10:55:34,231 basehttp 154 "POST /api/v1.0/user/avatar HTTP/1.1" 200 156
INFO 2021-01-22 10:55:35,982 basehttp 154 "POST /api/v1.0/user/avatar HTTP/1.1" 200 156
INFO 2021-01-22 10:55:37,466 basehttp 154 "POST /api/v1.0/user/avatar HTTP/1.1" 200 156
INFO 2021-01-22 16:36:34,198 autoreload 597 Watching for file changes with StatReloader
WARNING 2021-01-22 16:37:33,321 log 222 Not Found: /api/v1.0/houses/index
WARNING 2021-01-22 16:37:33,321 log 222 Not Found: /api/v1.0/areas
WARNING 2021-01-22 16:37:33,345 basehttp 154 "GET /api/v1.0/houses/index HTTP/1.1" 404 3330
WARNING 2021-01-22 16:37:33,346 basehttp 154 "GET /api/v1.0/areas HTTP/1.1" 404 3309
INFO 2021-01-22 16:37:33,403 basehttp 154 "GET /api/v1.0/session HTTP/1.1" 200 93
INFO 2021-01-22 16:37:37,104 basehttp 154 "GET /api/v1.0/user HTTP/1.1" 200 225
INFO 2021-01-22 16:37:39,500 basehttp 154 "GET /api/v1.0/user HTTP/1.1" 200 225
INFO 2021-01-22 16:37:54,185 basehttp 154 "OPTIONS /api/v1.0/user/name HTTP/1.1" 200 0
INFO 2021-01-22 16:37:54,606 basehttp 154 "PUT /api/v1.0/user/name HTTP/1.1" 200 50
INFO 2021-01-22 16:37:58,605 basehttp 154 "PUT /api/v1.0/user/name HTTP/1.1" 200 50
INFO 2021-01-22 16:38:05,048 basehttp 154 "GET /api/v1.0/user HTTP/1.1" 200 221
INFO 2021-01-22 16:38:06,904 basehttp 154 "PUT /api/v1.0/user/name HTTP/1.1" 200 50
INFO 2021-01-22 16:38:17,988 basehttp 154 "GET /api/v1.0/user/auth HTTP/1.1" 200 74
INFO 2021-01-22 16:38:26,211 basehttp 154 "OPTIONS /api/v1.0/user/auth HTTP/1.1" 200 0
INFO 2021-01-22 16:38:26,364 basehttp 154 "POST /api/v1.0/user/auth HTTP/1.1" 200 122
INFO 2021-01-22 16:38:37,390 basehttp 154 "GET /api/v1.0/user/auth HTTP/1.1" 200 106
WARNING 2021-01-22 16:38:37,396 log 222 Not Found: /api/v1.0/user/houses
WARNING 2021-01-22 16:38:37,401 basehttp 154 "GET /api/v1.0/user/houses HTTP/1.1" 404 3327
INFO 2021-01-22 16:38:42,003 basehttp 154 "GET /api/v1.0/user/auth HTTP/1.1" 200 106
INFO 2021-01-22 16:38:47,903 basehttp 154 "GET /api/v1.0/user/auth HTTP/1.1" 200 106
INFO 2021-01-23 12:35:54,531 autoreload 597 Watching for file changes with StatReloader
INFO 2021-01-24 09:39:13,465 autoreload 597 Watching for file changes with StatReloader
WARNING 2021-01-24 09:40:52,486 log 222 Not Found: /api/v1.0/houses/index
WARNING 2021-01-24 09:40:52,486 log 222 Not Found: /api/v1.0/areas
WARNING 2021-01-24 09:40:52,500 basehttp 154 "GET /api/v1.0/areas HTTP/1.1" 404 3309
WARNING 2021-01-24 09:40:52,501 basehttp 154 "GET /api/v1.0/houses/index HTTP/1.1" 404 3330
INFO 2021-01-24 09:40:52,733 basehttp 154 "GET /api/v1.0/session HTTP/1.1" 200 89
INFO 2021-01-24 09:40:58,031 basehttp 154 "GET /api/v1.0/user HTTP/1.1" 200 221
INFO 2021-01-30 13:16:32,968 autoreload 597 Watching for file changes with StatReloader
INFO 2021-01-30 13:17:04,412 basehttp 154 "GET /api/v1.0/houses/index HTTP/1.1" 200 42
INFO 2021-01-30 13:17:04,469 basehttp 154 "GET /api/v1.0/areas HTTP/1.1" 200 64
INFO 2021-01-30 13:17:04,536 basehttp 154 "GET /api/v1.0/session HTTP/1.1" 200 89
INFO 2021-01-30 13:17:07,765 basehttp 154 "GET /api/v1.0/user HTTP/1.1" 200 221
INFO 2021-01-30 13:17:11,382 basehttp 154 "OPTIONS /api/v1.0/session HTTP/1.1" 200 0
INFO 2021-01-30 13:17:11,453 basehttp 154 "DELETE /api/v1.0/session HTTP/1.1" 200 46
INFO 2021-01-30 13:17:11,575 basehttp 154 "GET /api/v1.0/session HTTP/1.1" 200 47
INFO 2021-01-30 13:17:11,597 basehttp 154 "GET /api/v1.0/areas HTTP/1.1" 200 64
INFO 2021-01-30 13:17:11,611 basehttp 154 "GET /api/v1.0/houses/index HTTP/1.1" 200 42
INFO 2021-01-30 13:17:29,067 basehttp 154 "POST /api/v1.0/session HTTP/1.1" 200 52
INFO 2021-01-30 13:17:29,166 basehttp 154 "GET /api/v1.0/session HTTP/1.1" 200 89
INFO 2021-01-30 13:17:29,170 basehttp 154 "GET /api/v1.0/houses/index HTTP/1.1" 200 42
INFO 2021-01-30 13:17:29,176 basehttp 154 "GET /api/v1.0/areas HTTP/1.1" 200 64
INFO 2021-01-30 13:17:33,090 basehttp 154 "GET /api/v1.0/user HTTP/1.1" 200 221
INFO 2021-01-30 13:17:37,811 basehttp 154 "GET /api/v1.0/user HTTP/1.1" 200 221
INFO 2021-01-30 13:17:48,387 basehttp 154 "POST /api/v1.0/user/avatar HTTP/1.1" 200 156
INFO 2021-01-30 13:17:51,488 basehttp 154 "POST /api/v1.0/user/avatar HTTP/1.1" 200 156
INFO 2021-01-30 13:18:00,137 basehttp 154 "OPTIONS /api/v1.0/user/name HTTP/1.1" 200 0
INFO 2021-01-30 13:18:00,271 basehttp 154 "PUT /api/v1.0/user/name HTTP/1.1" 200 50
INFO 2021-01-30 13:18:04,250 basehttp 154 "GET /api/v1.0/user HTTP/1.1" 200 220
INFO 2021-01-30 13:18:10,214 basehttp 154 "GET /api/v1.0/user/auth HTTP/1.1" 200 106
INFO 2021-01-30 13:18:14,646 basehttp 154 "GET /api/v1.0/user HTTP/1.1" 200 220
INFO 2021-01-30 13:18:16,588 basehttp 154 "GET /api/v1.0/user/auth HTTP/1.1" 200 106
INFO 2021-01-30 13:18:16,612 basehttp 154 "GET /api/v1.0/user/houses HTTP/1.1" 200 52
INFO 2021-01-30 13:18:19,704 basehttp 154 "GET /api/v1.0/areas HTTP/1.1" 200 64
INFO 2021-01-30 13:18:52,308 basehttp 154 "GET /api/v1.0/user/houses HTTP/1.1" 200 52
INFO 2021-01-30 13:18:55,319 basehttp 154 "GET /api/v1.0/user HTTP/1.1" 200 220
INFO 2021-01-30 13:18:58,719 basehttp 154 "GET /api/v1.0/session HTTP/1.1" 200 88
INFO 2021-01-30 13:18:58,730 basehttp 154 "GET /api/v1.0/houses/index HTTP/1.1" 200 42
INFO 2021-01-30 13:18:58,732 basehttp 154 "GET /api/v1.0/areas HTTP/1.1" 200 64
INFO 2021-01-30 13:19:18,674 basehttp 154 "GET /api/v1.0/user HTTP/1.1" 200 220
INFO 2021-01-30 13:19:22,439 basehttp 154 "GET /api/v1.0/orders?role=landlord HTTP/1.1" 200 52
INFO 2021-01-30 13:19:25,148 basehttp 154 "GET /api/v1.0/user HTTP/1.1" 200 220
INFO 2021-01-30 13:19:31,045 basehttp 154 "GET /api/v1.0/session HTTP/1.1" 200 88
INFO 2021-01-30 13:19:31,053 basehttp 154 "GET /api/v1.0/areas HTTP/1.1" 200 64
INFO 2021-01-30 13:19:31,056 basehttp 154 "GET /api/v1.0/houses/index HTTP/1.1" 200 42
INFO 2021-01-30 13:19:34,488 basehttp 154 "GET /api/v1.0/user HTTP/1.1" 200 220
INFO 2021-01-30 13:19:36,654 basehttp 154 "GET /api/v1.0/user/auth HTTP/1.1" 200 106
INFO 2021-01-30 13:19:36,683 basehttp 154 "GET /api/v1.0/user/houses HTTP/1.1" 200 52
INFO 2021-01-30 13:19:40,756 basehttp 154 "GET /api/v1.0/areas HTTP/1.1" 200 64
INFO 2021-01-30 13:19:50,367 basehttp 154 "GET /api/v1.0/user/auth HTTP/1.1" 200 106
INFO 2021-01-30 13:19:50,406 basehttp 154 "GET /api/v1.0/user/houses HTTP/1.1" 200 52
INFO 2021-01-30 18:05:52,922 autoreload 597 Watching for file changes with StatReloader
INFO 2021-01-30 18:06:18,373 basehttp 154 "GET /api/v1.0/areas HTTP/1.1" 200 99
INFO 2021-01-30 18:06:18,452 basehttp 154 "GET /api/v1.0/houses/index HTTP/1.1" 200 42
INFO 2021-01-30 18:06:18,563 basehttp 154 "GET /api/v1.0/session HTTP/1.1" 200 88
INFO 2021-01-30 18:09:51,609 autoreload 597 Watching for file changes with StatReloader
INFO 2021-01-30 18:10:02,984 basehttp 154 "GET /api/v1.0/houses/index HTTP/1.1" 200 42
INFO 2021-01-30 18:10:02,988 basehttp 154 "GET /api/v1.0/areas HTTP/1.1" 200 99
INFO 2021-01-30 18:10:03,004 basehttp 154 "GET /api/v1.0/session HTTP/1.1" 200 88
INFO 2021-01-30 18:10:10,174 basehttp 154 "GET /api/v1.0/user HTTP/1.1" 200 220
INFO 2021-01-30 18:10:14,580 basehttp 154 "GET /api/v1.0/user/auth HTTP/1.1" 200 106
INFO 2021-01-30 18:10:14,638 basehttp 154 "GET /api/v1.0/user/houses HTTP/1.1" 200 52
INFO 2021-01-30 18:10:16,687 basehttp 154 "GET /api/v1.0/areas HTTP/1.1" 200 99
INFO 2021-01-30 18:16:16,630 basehttp 154 "OPTIONS /api/v1.0/houses HTTP/1.1" 200 0
ERROR 2021-01-30 18:16:16,678 utils 30 Direct assignment to the forward side of a many-to-many set is prohibited. Use facility.set() instead.
INFO 2021-01-30 18:16:16,680 basehttp 154 "POST /api/v1.0/houses HTTP/1.1" 200 113
ERROR 2021-01-30 18:18:14,765 utils 30 Direct assignment to the forward side of a many-to-many set is prohibited. Use facility.set() instead.
INFO 2021-01-30 18:18:14,768 basehttp 154 "POST /api/v1.0/houses HTTP/1.1" 200 113
ERROR 2021-01-30 18:21:40,903 utils 30 Direct assignment to the forward side of a many-to-many set is prohibited. Use facility.set() instead.
INFO 2021-01-30 18:21:40,906 basehttp 154 "POST /api/v1.0/houses HTTP/1.1" 200 113
INFO 2021-01-30 18:26:55,584 autoreload 597 Watching for file changes with StatReloader
INFO 2021-01-30 18:27:11,779 basehttp 154 "GET /api/v1.0/areas HTTP/1.1" 200 99
INFO 2021-01-30 18:27:15,315 basehttp 154 "GET /api/v1.0/user/auth HTTP/1.1" 200 106
INFO 2021-01-30 18:27:15,337 basehttp 154 "GET /api/v1.0/user/houses HTTP/1.1" 200 52
INFO 2021-01-30 18:27:17,813 basehttp 154 "GET /api/v1.0/areas HTTP/1.1" 200 99
ERROR 2021-01-30 18:28:03,704 utils 30 Direct assignment to the forward side of a many-to-many set is prohibited. Use facility.set() instead.
INFO 2021-01-30 18:28:03,706 basehttp 154 "POST /api/v1.0/houses HTTP/1.1" 200 113
ERROR 2021-01-30 18:28:09,361 utils 30 Direct assignment to the forward side of a many-to-many set is prohibited. Use facility.set() instead.
INFO 2021-01-30 18:28:09,364 basehttp 154 "POST /api/v1.0/houses HTTP/1.1" 200 113
INFO 2021-01-30 18:53:05,524 autoreload 597 Watching for file changes with StatReloader
INFO 2021-01-30 18:53:28,862 basehttp 154 "GET /api/v1.0/houses/index HTTP/1.1" 200 42
INFO 2021-01-30 18:53:28,872 basehttp 154 "GET /api/v1.0/areas HTTP/1.1" 200 99
INFO 2021-01-30 18:53:29,035 basehttp 154 "GET /api/v1.0/session HTTP/1.1" 200 88
INFO 2021-01-30 18:53:32,007 basehttp 154 "GET /api/v1.0/user HTTP/1.1" 200 220
INFO 2021-01-30 18:53:34,211 basehttp 154 "GET /api/v1.0/user/auth HTTP/1.1" 200 106
INFO 2021-01-30 18:53:34,241 basehttp 154 "GET /api/v1.0/user/houses HTTP/1.1" 200 52
INFO 2021-01-30 18:53:35,850 basehttp 154 "GET /api/v1.0/areas HTTP/1.1" 200 99
INFO 2021-01-30 18:54:25,084 basehttp 154 "OPTIONS /api/v1.0/houses HTTP/1.1" 200 0
ERROR 2021-01-30 18:54:25,112 utils 30 Direct assignment to the forward side of a many-to-many set is prohibited. Use facility.set() instead.
INFO 2021-01-30 18:54:25,114 basehttp 154 "POST /api/v1.0/houses HTTP/1.1" 200 113
INFO 2021-02-01 11:23:40,007 autoreload 597 Watching for file changes with StatReloader
INFO 2021-02-01 11:24:24,569 basehttp 154 "GET /api/v1.0/houses/index HTTP/1.1" 200 42
INFO 2021-02-01 11:24:24,576 basehttp 154 "GET /api/v1.0/areas HTTP/1.1" 200 99
INFO 2021-02-01 11:24:24,634 basehttp 154 "GET /api/v1.0/session HTTP/1.1" 200 88
INFO 2021-02-01 11:24:31,468 basehttp 154 "GET /api/v1.0/user HTTP/1.1" 200 220
INFO 2021-02-01 11:24:36,758 basehttp 154 "GET /api/v1.0/user/auth HTTP/1.1" 200 106
INFO 2021-02-01 11:24:36,793 basehttp 154 "GET /api/v1.0/user/houses HTTP/1.1" 200 52
INFO 2021-02-01 11:24:38,755 basehttp 154 "GET /api/v1.0/areas HTTP/1.1" 200 99
INFO 2021-02-01 11:25:17,688 basehttp 154 "OPTIONS /api/v1.0/houses HTTP/1.1" 200 0
ERROR 2021-02-01 11:25:17,972 utils 30 (1452, 'Cannot add or update a child row: a foreign key constraint fails (`zufang`.`tb_house_facility`, CONSTRAINT `tb_house_facility_facility_id_7fb39e4b_fk_tb_facility_id` FOREIGN KEY (`facility_id`) REFERENCES `tb_facility` (`id`))')
INFO 2021-02-01 11:25:17,974 basehttp 154 "POST /api/v1.0/houses HTTP/1.1" 200 113
INFO 2021-02-01 11:25:22,904 basehttp 154 "GET /api/v1.0/user/auth HTTP/1.1" 200 106
INFO 2021-02-01 11:25:22,952 basehttp 154 "GET /api/v1.0/user/houses HTTP/1.1" 200 343
INFO 2021-02-01 11:25:25,810 basehttp 154 "GET /api/v1.0/user/auth HTTP/1.1" 200 106
INFO 2021-02-01 11:25:25,836 basehttp 154 "GET /api/v1.0/user/houses HTTP/1.1" 200 343
INFO 2021-02-01 11:25:27,201 basehttp 154 "GET /api/v1.0/user HTTP/1.1" 200 220
INFO 2021-02-01 11:25:29,720 basehttp 154 "GET /api/v1.0/session HTTP/1.1" 200 88
INFO 2021-02-01 11:25:29,720 basehttp 154 "GET /api/v1.0/areas HTTP/1.1" 200 99
INFO 2021-02-01 11:25:29,724 basehttp 154 "GET /api/v1.0/houses/index HTTP/1.1" 200 133
INFO 2021-02-01 12:34:56,097 autoreload 597 Watching for file changes with StatReloader
INFO 2021-02-01 12:35:07,090 basehttp 154 "GET /api/v1.0/houses/index HTTP/1.1" 200 133
INFO 2021-02-01 12:35:07,092 basehttp 154 "GET /api/v1.0/areas HTTP/1.1" 200 99
INFO 2021-02-01 12:35:07,105 basehttp 154 "GET /api/v1.0/session HTTP/1.1" 200 88
INFO 2021-02-01 12:35:10,581 basehttp 154 "GET /api/v1.0/user HTTP/1.1" 200 220
INFO 2021-02-01 12:35:12,631 basehttp 154 "GET /api/v1.0/user/auth HTTP/1.1" 200 106
INFO 2021-02-01 12:35:12,662 basehttp 154 "GET /api/v1.0/user/houses HTTP/1.1" 200 343
INFO 2021-02-01 12:35:26,556 basehttp 154 "OPTIONS /api/v1.0/session HTTP/1.1" 200 0
INFO 2021-02-01 12:35:26,594 basehttp 154 "DELETE /api/v1.0/session HTTP/1.1" 200 46
INFO 2021-02-01 12:35:26,730 basehttp 154 "GET /api/v1.0/session HTTP/1.1" 200 47
INFO 2021-02-01 12:35:26,748 basehttp 154 "GET /api/v1.0/areas HTTP/1.1" 200 99
INFO 2021-02-01 12:35:26,755 basehttp 154 "GET /api/v1.0/houses/index HTTP/1.1" 200 133
INFO 2021-02-01 12:35:54,255 basehttp 154 "POST /api/v1.0/session HTTP/1.1" 200 52
INFO 2021-02-01 12:35:54,397 basehttp 154 "GET /api/v1.0/session HTTP/1.1" 200 88
INFO 2021-02-01 12:35:54,407 basehttp 154 "GET /api/v1.0/areas HTTP/1.1" 200 99
INFO 2021-02-01 12:35:54,412 basehttp 154 "GET /api/v1.0/houses/index HTTP/1.1" 200 133
INFO 2021-02-01 12:35:57,344 basehttp 154 "GET /api/v1.0/user HTTP/1.1" 200 220
INFO 2021-02-01 12:35:58,970 basehttp 154 "DELETE /api/v1.0/session HTTP/1.1" 200 46
INFO 2021-02-01 12:35:59,022 basehttp 154 "GET /api/v1.0/session HTTP/1.1" 200 47
INFO 2021-02-01 12:35:59,043 basehttp 154 "GET /api/v1.0/areas HTTP/1.1" 200 99
INFO 2021-02-01 12:35:59,044 basehttp 154 "GET /api/v1.0/houses/index HTTP/1.1" 200 133
INFO 2021-02-01 12:36:01,989 basehttp 154 "GET /api/v1.0/imagecode?cur=0ccf4f1b-699a-4f3a-ab1b-3d1e1600703c&pre= HTTP/1.1" 301 0
INFO 2021-02-01 12:36:02,236 basehttp 154 "GET /api/v1.0/imagecode/?cur=0ccf4f1b-699a-4f3a-ab1b-3d1e1600703c&pre= HTTP/1.1" 200 3241
INFO 2021-02-01 12:36:17,461 basehttp 154 "GET /api/v1.0/imagecode?cur=9e7bd6f2-3139-4982-b8c7-c50a6b000355&pre=0ccf4f1b-699a-4f3a-ab1b-3d1e1600703c HTTP/1.1" 301 0
INFO 2021-02-01 12:36:17,489 basehttp 154 "GET /api/v1.0/imagecode/?cur=9e7bd6f2-3139-4982-b8c7-c50a6b000355&pre=0ccf4f1b-699a-4f3a-ab1b-3d1e1600703c HTTP/1.1" 200 2911
INFO 2021-02-01 12:36:19,013 basehttp 154 "GET /api/v1.0/imagecode?cur=d116847b-6d9f-446d-a587-3ae752dcf6ca&pre=9e7bd6f2-3139-4982-b8c7-c50a6b000355 HTTP/1.1" 301 0
INFO 2021-02-01 12:36:19,031 basehttp 154 "GET /api/v1.0/imagecode/?cur=d116847b-6d9f-446d-a587-3ae752dcf6ca&pre=9e7bd6f2-3139-4982-b8c7-c50a6b000355 HTTP/1.1" 200 3087
INFO 2021-02-01 12:36:25,164 basehttp 154 "OPTIONS /api/v1.0/sms/ HTTP/1.1" 200 0
INFO 2021-02-01 12:36:25,193 views 127 355248
INFO 2021-02-01 12:36:25,196 basehttp 154 "POST /api/v1.0/sms/ HTTP/1.1" 200 50
INFO 2021-02-01 12:36:57,867 basehttp 154 "OPTIONS /api/v1.0/users HTTP/1.1" 200 0
INFO 2021-02-01 12:36:58,770 basehttp 154 "POST /api/v1.0/users HTTP/1.1" 200 52
INFO 2021-02-01 12:36:58,942 basehttp 154 "GET /api/v1.0/session HTTP/1.1" 200 93
INFO 2021-02-01 12:36:58,948 basehttp 154 "GET /api/v1.0/areas HTTP/1.1" 200 99
INFO 2021-02-01 12:36:58,950 basehttp 154 "GET /api/v1.0/houses/index HTTP/1.1" 200 133
INFO 2021-02-01 12:37:21,782 basehttp 154 "GET /api/v1.0/areas HTTP/1.1" 200 99
INFO 2021-02-01 12:37:21,881 basehttp 154 "GET /api/v1.0/houses?aid=1&sd=2021-02-02&ed=2021-02-04&sk=new&p=1 HTTP/1.1" 200 93
INFO 2021-02-01 12:37:29,442 basehttp 154 "GET /api/v1.0/areas HTTP/1.1" 200 99
INFO 2021-02-01 12:37:29,443 basehttp 154 "GET /api/v1.0/session HTTP/1.1" 200 93
INFO 2021-02-01 12:37:29,446 basehttp 154 "GET /api/v1.0/houses/index HTTP/1.1" 200 133
INFO 2021-02-01 12:37:44,932 basehttp 154 "GET /api/v1.0/areas HTTP/1.1" 200 99
INFO 2021-02-01 12:37:44,965 basehttp 154 "GET /api/v1.0/houses?aid=1&sd=2021-02-04&ed=2021-02-07&sk=new&p=1 HTTP/1.1" 200 93
INFO 2021-02-01 12:37:51,689 basehttp 154 "GET /api/v1.0/areas HTTP/1.1" 200 99
INFO 2021-02-01 12:37:51,695 basehttp 154 "GET /api/v1.0/session HTTP/1.1" 200 93
INFO 2021-02-01 12:37:51,696 basehttp 154 "GET /api/v1.0/houses/index HTTP/1.1" 200 133
INFO 2021-02-01 12:37:53,219 basehttp 154 "GET /api/v1.0/houses/1 HTTP/1.1" 200 492
INFO 2021-02-01 12:38:11,570 basehttp 154 "GET /api/v1.0/areas HTTP/1.1" 200 99
INFO 2021-02-01 12:38:11,615 basehttp 154 "GET /api/v1.0/houses?aid=1&sd=2021-02-01&ed=2021-02-27&sk=new&p=1 HTTP/1.1" 200 93
INFO 2021-02-01 12:38:14,781 basehttp 154 "GET /api/v1.0/areas HTTP/1.1" 200 99
INFO 2021-02-01 12:38:14,784 basehttp 154 "GET /api/v1.0/session HTTP/1.1" 200 93
INFO 2021-02-01 12:38:14,784 basehttp 154 "GET /api/v1.0/houses/index HTTP/1.1" 200 133
INFO 2021-02-01 12:44:23,144 autoreload 597 Watching for file changes with StatReloader
INFO 2021-02-01 12:44:35,052 basehttp 154 "GET /api/v1.0/areas HTTP/1.1" 200 99
INFO 2021-02-01 12:44:35,054 basehttp 154 "GET /api/v1.0/houses/index HTTP/1.1" 200 133
INFO 2021-02-01 12:44:35,115 basehttp 154 "GET /api/v1.0/session HTTP/1.1" 200 93
INFO 2021-02-01 12:44:51,378 basehttp 154 "GET /api/v1.0/areas HTTP/1.1" 200 99
INFO 2021-02-01 12:44:51,521 basehttp 154 "GET /api/v1.0/houses?aid=1&sd=2021-02-01&ed=2021-02-12&sk=new&p=1 HTTP/1.1" 200 426
INFO 2021-02-01 12:44:54,307 basehttp 154 "GET /api/v1.0/houses/1 HTTP/1.1" 200 492
INFO 2021-02-01 12:45:03,921 basehttp 154 "GET /api/v1.0/session HTTP/1.1" 200 93
INFO 2021-02-01 12:45:03,954 basehttp 154 "GET /api/v1.0/houses/1 HTTP/1.1" 200 492
INFO 2021-02-01 12:45:18,065 basehttp 154 "GET /api/v1.0/session HTTP/1.1" 200 93
INFO 2021-02-01 12:45:18,106 basehttp 154 "GET /api/v1.0/houses/1 HTTP/1.1" 200 492
INFO 2021-02-01 12:45:31,500 basehttp 154 "GET /api/v1.0/session HTTP/1.1" 200 93
INFO 2021-02-01 12:45:31,544 basehttp 154 "GET /api/v1.0/houses/1 HTTP/1.1" 200 492
INFO 2021-02-01 12:45:44,988 basehttp 154 "GET /api/v1.0/session HTTP/1.1" 200 93
INFO 2021-02-01 12:45:45,057 basehttp 154 "GET /api/v1.0/houses/1 HTTP/1.1" 200 492
INFO 2021-02-01 12:45:55,613 basehttp 154 "GET /api/v1.0/session HTTP/1.1" 200 93
INFO 2021-02-01 12:45:55,643 basehttp 154 "GET /api/v1.0/houses/1 HTTP/1.1" 200 492
INFO 2021-02-01 13:03:06,699 autoreload 597 Watching for file changes with StatReloader
INFO 2021-02-01 13:03:25,828 basehttp 154 "GET /api/v1.0/houses/index HTTP/1.1" 200 133
INFO 2021-02-01 13:03:25,829 basehttp 154 "GET /api/v1.0/session HTTP/1.1" 200 93
INFO 2021-02-01 13:03:25,832 basehttp 154 "GET /api/v1.0/areas HTTP/1.1" 200 99
INFO 2021-02-01 13:03:44,490 basehttp 154 "GET /api/v1.0/areas HTTP/1.1" 200 99
INFO 2021-02-01 13:03:44,561 basehttp 154 "GET /api/v1.0/houses?aid=1&sd=2021-02-01&ed=2021-02-04&sk=new&p=1 HTTP/1.1" 200 426
INFO 2021-02-01 13:03:46,635 basehttp 154 "GET /api/v1.0/houses/1 HTTP/1.1" 200 492
INFO 2021-02-01 13:03:50,728 basehttp 154 "GET /api/v1.0/session HTTP/1.1" 200 93
INFO 2021-02-01 13:03:50,767 basehttp 154 "GET /api/v1.0/houses/1 HTTP/1.1" 200 492
INFO 2021-02-01 13:04:02,429 basehttp 154 "OPTIONS /api/v1.0/orders HTTP/1.1" 200 0
INFO 2021-02-01 13:04:02,571 basehttp 154 "POST /api/v1.0/orders HTTP/1.1" 200 53
INFO 2021-02-01 13:04:02,719 basehttp 154 "GET /api/v1.0/orders?role=custom HTTP/1.1" 200 302
INFO 2021-02-01 13:04:06,895 basehttp 154 "GET /api/v1.0/orders?role=custom HTTP/1.1" 200 302
INFO 2021-02-01 13:04:13,060 basehttp 154 "GET /api/v1.0/user HTTP/1.1" 200 197
INFO 2021-02-01 13:04:15,398 basehttp 154 "OPTIONS /api/v1.0/session HTTP/1.1" 200 0
INFO 2021-02-01 13:04:15,412 basehttp 154 "DELETE /api/v1.0/session HTTP/1.1" 200 46
INFO 2021-02-01 13:04:15,468 basehttp 154 "GET /api/v1.0/session HTTP/1.1" 200 47
INFO 2021-02-01 13:04:15,484 basehttp 154 "GET /api/v1.0/houses/index HTTP/1.1" 200 133
INFO 2021-02-01 13:04:15,485 basehttp 154 "GET /api/v1.0/areas HTTP/1.1" 200 99
INFO 2021-02-01 13:04:22,486 basehttp 154 "POST /api/v1.0/session HTTP/1.1" 200 52
INFO 2021-02-01 13:04:22,622 basehttp 154 "GET /api/v1.0/session HTTP/1.1" 200 88
INFO 2021-02-01 13:04:22,628 basehttp 154 "GET /api/v1.0/houses/index HTTP/1.1" 200 133
INFO 2021-02-01 13:04:22,631 basehttp 154 "GET /api/v1.0/areas HTTP/1.1" 200 99
INFO 2021-02-01 13:04:26,532 basehttp 154 "GET /api/v1.0/user HTTP/1.1" 200 220
INFO 2021-02-01 13:04:28,974 basehttp 154 "GET /api/v1.0/user/auth HTTP/1.1" 200 106
INFO 2021-02-01 13:04:29,004 basehttp 154 "GET /api/v1.0/user/houses HTTP/1.1" 200 343
INFO 2021-02-01 13:04:32,652 basehttp 154 "GET /api/v1.0/user HTTP/1.1" 200 220
INFO 2021-02-01 13:04:34,568 basehttp 154 "GET /api/v1.0/orders?role=landlord HTTP/1.1" 200 302
INFO 2021-02-01 13:04:39,605 basehttp 154 "OPTIONS /api/v1.0/orders/1/status HTTP/1.1" 200 0
INFO 2021-02-01 13:04:39,911 basehttp 154 "PUT /api/v1.0/orders/1/status HTTP/1.1" 200 28
INFO 2021-02-01 13:04:46,097 basehttp 154 "GET /api/v1.0/user HTTP/1.1" 200 220
INFO 2021-02-01 13:04:47,457 basehttp 154 "DELETE /api/v1.0/session HTTP/1.1" 200 46
INFO 2021-02-01 13:04:47,515 basehttp 154 "GET /api/v1.0/session HTTP/1.1" 200 47
INFO 2021-02-01 13:04:47,539 basehttp 154 "GET /api/v1.0/houses/index HTTP/1.1" 200 133
INFO 2021-02-01 13:04:47,543 basehttp 154 "GET /api/v1.0/areas HTTP/1.1" 200 99
INFO 2021-02-01 13:05:07,227 basehttp 154 "POST /api/v1.0/session HTTP/1.1" 200 52
INFO 2021-02-01 13:05:07,317 basehttp 154 "GET /api/v1.0/session HTTP/1.1" 200 93
INFO 2021-02-01 13:05:07,321 basehttp 154 "GET /api/v1.0/houses/index HTTP/1.1" 200 133
INFO 2021-02-01 13:05:07,322 basehttp 154 "GET /api/v1.0/areas HTTP/1.1" 200 99
INFO 2021-02-01 13:05:11,757 basehttp 154 "GET /api/v1.0/user HTTP/1.1" 200 197
INFO 2021-02-01 13:05:16,969 basehttp 154 "GET /api/v1.0/orders?role=landlord HTTP/1.1" 200 52
INFO 2021-02-01 13:05:19,258 basehttp 154 "GET /api/v1.0/user HTTP/1.1" 200 197
INFO 2021-02-01 13:05:21,226 basehttp 154 "GET /api/v1.0/orders?role=custom HTTP/1.1" 200 303
INFO 2021-02-01 13:05:31,219 basehttp 154 "OPTIONS /api/v1.0/orders/1/comment HTTP/1.1" 200 0
INFO 2021-02-01 13:05:31,419 basehttp 154 "PUT /api/v1.0/orders/1/comment HTTP/1.1" 200 28
INFO 2021-02-01 13:05:34,455 basehttp 154 "GET /api/v1.0/user HTTP/1.1" 200 197
INFO 2021-02-01 13:05:38,636 basehttp 154 "GET /api/v1.0/session HTTP/1.1" 200 93
INFO 2021-02-01 13:05:38,641 basehttp 154 "GET /api/v1.0/areas HTTP/1.1" 200 99
INFO 2021-02-01 13:05:38,645 basehttp 154 "GET /api/v1.0/houses/index HTTP/1.1" 200 133
INFO 2021-02-01 13:05:39,970 basehttp 154 "GET /api/v1.0/houses/1 HTTP/1.1" 200 576
INFO 2021-02-01 13:05:42,893 basehttp 154 "GET /api/v1.0/session HTTP/1.1" 200 93
INFO 2021-02-01 13:05:42,946 basehttp 154 "GET /api/v1.0/houses/1 HTTP/1.1" 200 576
INFO 2021-02-01 13:05:52,763 basehttp 154 "POST /api/v1.0/orders HTTP/1.1" 200 53
INFO 2021-02-01 13:05:52,920 basehttp 154 "GET /api/v1.0/orders?role=custom HTTP/1.1" 200 554
INFO 2021-02-01 13:06:02,386 basehttp 154 "GET /api/v1.0/user HTTP/1.1" 200 197
INFO 2021-02-01 13:06:04,226 basehttp 154 "DELETE /api/v1.0/session HTTP/1.1" 200 46
INFO 2021-02-01 13:06:04,313 basehttp 154 "GET /api/v1.0/session HTTP/1.1" 200 47
INFO 2021-02-01 13:06:04,333 basehttp 154 "GET /api/v1.0/areas HTTP/1.1" 200 99
INFO 2021-02-01 13:06:04,334 basehttp 154 "GET /api/v1.0/houses/index HTTP/1.1" 200 133
INFO 2021-02-01 13:06:10,150 basehttp 154 "POST /api/v1.0/session HTTP/1.1" 200 52
INFO 2021-02-01 13:06:10,284 basehttp 154 "GET /api/v1.0/session HTTP/1.1" 200 88
INFO 2021-02-01 13:06:10,303 basehttp 154 "GET /api/v1.0/areas HTTP/1.1" 200 99
INFO 2021-02-01 13:06:10,303 basehttp 154 "GET /api/v1.0/houses/index HTTP/1.1" 200 133
INFO 2021-02-01 13:06:12,643 basehttp 154 "GET /api/v1.0/user HTTP/1.1" 200 220
INFO 2021-02-01 13:06:14,958 basehttp 154 "GET /api/v1.0/orders?role=landlord HTTP/1.1" 200 554
INFO 2021-02-01 13:06:22,884 basehttp 154 "OPTIONS /api/v1.0/orders/2/status HTTP/1.1" 200 0
INFO 2021-02-01 13:06:23,100 basehttp 154 "PUT /api/v1.0/orders/2/status HTTP/1.1" 200 28
INFO 2021-02-01 13:06:30,574 basehttp 154 "GET /api/v1.0/user HTTP/1.1" 200 220
INFO 2021-02-01 13:06:33,619 basehttp 154 "DELETE /api/v1.0/session HTTP/1.1" 200 46
INFO 2021-02-01 13:06:33,734 basehttp 154 "GET /api/v1.0/session HTTP/1.1" 200 47
INFO 2021-02-01 13:06:33,757 basehttp 154 "GET /api/v1.0/areas HTTP/1.1" 200 99
INFO 2021-02-01 13:06:33,759 basehttp 154 "GET /api/v1.0/houses/index HTTP/1.1" 200 133
INFO 2021-02-01 13:06:39,138 basehttp 154 "POST /api/v1.0/session HTTP/1.1" 200 52
INFO 2021-02-01 13:06:39,292 basehttp 154 "GET /api/v1.0/session HTTP/1.1" 200 93
INFO 2021-02-01 13:06:39,296 basehttp 154 "GET /api/v1.0/houses/index HTTP/1.1" 200 133
INFO 2021-02-01 13:06:39,298 basehttp 154 "GET /api/v1.0/areas HTTP/1.1" 200 99
INFO 2021-02-01 13:06:41,147 basehttp 154 "GET /api/v1.0/user HTTP/1.1" 200 197
INFO 2021-02-01 13:06:43,221 basehttp 154 "GET /api/v1.0/orders?role=landlord HTTP/1.1" 200 52
INFO 2021-02-01 13:06:45,193 basehttp 154 "GET /api/v1.0/user HTTP/1.1" 200 197
INFO 2021-02-01 13:06:48,621 basehttp 154 "GET /api/v1.0/orders?role=custom HTTP/1.1" 200 553
INFO 2021-02-01 13:06:56,755 basehttp 154 "GET /api/v1.0/user HTTP/1.1" 200 197
INFO 2021-02-01 13:06:58,655 basehttp 154 "DELETE /api/v1.0/session HTTP/1.1" 200 46
INFO 2021-02-01 13:06:58,767 basehttp 154 "GET /api/v1.0/session HTTP/1.1" 200 47
INFO 2021-02-01 13:06:58,780 basehttp 154 "GET /api/v1.0/areas HTTP/1.1" 200 99
INFO 2021-02-01 13:06:58,781 basehttp 154 "GET /api/v1.0/houses/index HTTP/1.1" 200 133
